#
# There is insufficient memory for the Java Runtime Environment to continue.
# Native memory allocation (mmap) failed to map 266338304 bytes for G1 virtual space
# Possible reasons:
#   The system is out of physical RAM or swap space
#   The process is running with CompressedOops enabled, and the Java Heap may be blocking the growth of the native heap
# Possible solutions:
#   Reduce memory load on the system
#   Increase physical memory or swap space
#   Check if swap backing store is full
#   Decrease Java heap size (-Xmx/-Xms)
#   Decrease number of Java threads
#   Decrease Java thread stack sizes (-Xss)
#   Set larger code cache with -XX:ReservedCodeCacheSize=
#   JVM is running with Zero Based Compressed Oops mode in which the Java heap is
#     placed in the first 32GB address space. The Java Heap base address is the
#     maximum limit for the native heap growth. Please use -XX:HeapBaseMinAddress
#     to set the Java Heap base and to place the Java Heap above 32GB virtual address.
# This output file may be truncated or incomplete.
#
#  Out of Memory Error (os_windows.cpp:3769), pid=17360, tid=30000
#
# JRE version:  (17.0.6+10) (build )
# Java VM: OpenJDK 64-Bit Server VM (17.0.6+10-b829.5, mixed mode, emulated-client, sharing, tiered, compressed oops, compressed class ptrs, g1 gc, windows-amd64)
# No core dump will be written. Minidumps are not enabled by default on client versions of Windows
#

---------------  S U M M A R Y ------------

Command Line: -XX:TieredStopAtLevel=1 -Dspring.output.ansi.enabled=always -Dcom.sun.management.jmxremote -Dspring.jmx.enabled=true -Dspring.liveBeansView.mbeanDomain -Dspring.application.admin.enabled=true -Dmanagement.endpoints.jmx.exposure.include=* -javaagent:D:\IDEA\IntelliJ IDEA 2023.1\lib\idea_rt.jar=58443:D:\IDEA\IntelliJ IDEA 2023.1\bin -Dfile.encoding=UTF-8 com.example.blog1.Blog1Application

Host: Intel(R) Core(TM) i5-10300H CPU @ 2.50GHz, 8 cores, 15G,  Windows 11 , 64 bit Build 22000 (10.0.22000.2538)
Time: Thu Dec 21 19:36:32 2023  Windows 11 , 64 bit Build 22000 (10.0.22000.2538) elapsed time: 0.022396 seconds (0d 0h 0m 0s)

---------------  T H R E A D  ---------------

Current thread (0x00000285fc3a5b40):  JavaThread "Unknown thread" [_thread_in_vm, id=30000, stack(0x0000008ba1100000,0x0000008ba1200000)]

Stack: [0x0000008ba1100000,0x0000008ba1200000]
Native frames: (J=compiled Java code, j=interpreted, Vv=VM code, C=native code)
V  [jvm.dll+0x683b4a]
V  [jvm.dll+0x842654]
V  [jvm.dll+0x843dfe]
V  [jvm.dll+0x844463]
V  [jvm.dll+0x249b75]
V  [jvm.dll+0x680a19]
V  [jvm.dll+0x674f0a]
V  [jvm.dll+0x309acb]
V  [jvm.dll+0x310f86]
V  [jvm.dll+0x3608ee]
V  [jvm.dll+0x360b1f]
V  [jvm.dll+0x2dfbf8]
V  [jvm.dll+0x2e0b64]
V  [jvm.dll+0x813f41]
V  [jvm.dll+0x36e6a1]
V  [jvm.dll+0x7f347c]
V  [jvm.dll+0x3f0e8f]
V  [jvm.dll+0x3f29d1]
C  [jli.dll+0x526b]
C  [ucrtbase.dll+0x26c0c]
C  [KERNEL32.DLL+0x153e0]
C  [ntdll.dll+0x485b]


---------------  P R O C E S S  ---------------

Threads class SMR info:
_java_thread_list=0x00007ff8e58ac058, length=0, elements={
}

Java Threads: ( => current thread )

Other Threads:
  0x00000285fc4115e0 GCTaskThread "GC Thread#0" [stack: 0x0000008ba1200000,0x0000008ba1300000] [id=29512]
  0x00000285fc423330 ConcurrentGCThread "G1 Main Marker" [stack: 0x0000008ba1300000,0x0000008ba1400000] [id=23116]
  0x00000285fc4244e0 ConcurrentGCThread "G1 Conc#0" [stack: 0x0000008ba1400000,0x0000008ba1500000] [id=31960]

[error occurred during error reporting (printing all threads), id 0xc0000005, EXCEPTION_ACCESS_VIOLATION (0xc0000005) at pc=0x00007ff8e5060797]

VM state: not at safepoint (not fully initialized)

VM Mutex/Monitor currently owned by a thread:  ([mutex/lock_event])
[0x00000285fc3a1b80] Heap_lock - owner thread: 0x00000285fc3a5b40

Heap address: 0x0000000702000000, size: 4064 MB, Compressed Oops mode: Zero based, Oop shift amount: 3

CDS archive(s) mapped at: [0x0000000000000000-0x0000000000000000-0x0000000000000000), size 0, SharedBaseAddress: 0x0000000800000000, ArchiveRelocationMode: 0.
Narrow klass base: 0x0000000000000000, Narrow klass shift: 0, Narrow klass range: 0x0

GC Precious Log:
<Empty>

Heap:
 garbage-first heap   total 0K, used 0K [0x0000000702000000, 0x0000000800000000)
  region size 2048K, 0 young (0K), 0 survivors (0K)

[error occurred during error reporting (printing heap information), id 0xc0000005, EXCEPTION_ACCESS_VIOLATION (0xc0000005) at pc=0x00007ff8e544d939]

GC Heap History (0 events):
No events

Dll operation events (1 events):
Event: 0.014 Loaded shared library D:\IDEA\IntelliJ IDEA 2023.1\jbr\bin\java.dll

Deoptimization events (0 events):
No events

Classes unloaded (0 events):
No events

Classes redefined (0 events):
No events

Internal exceptions (0 events):
No events

VM Operations (0 events):
No events

Events (0 events):
No events


Dynamic libraries:
0x00007ff63b300000 - 0x00007ff63b30a000 	D:\IDEA\IntelliJ IDEA 2023.1\jbr\bin\java.exe
0x00007ff963340000 - 0x00007ff963549000 	C:\WINDOWS\SYSTEM32\ntdll.dll
0x00007ff9622b0000 - 0x00007ff96236d000 	C:\WINDOWS\System32\KERNEL32.DLL
0x00007ff960a60000 - 0x00007ff960de4000 	C:\WINDOWS\System32\KERNELBASE.dll
0x00007ff9607d0000 - 0x00007ff9608e1000 	C:\WINDOWS\System32\ucrtbase.dll
0x00007ff9280d0000 - 0x00007ff9280e7000 	D:\IDEA\IntelliJ IDEA 2023.1\jbr\bin\jli.dll
0x00007ff961ff0000 - 0x00007ff96219d000 	C:\WINDOWS\System32\USER32.dll
0x00007ff961030000 - 0x00007ff961056000 	C:\WINDOWS\System32\win32u.dll
0x00007ff962210000 - 0x00007ff96223a000 	C:\WINDOWS\System32\GDI32.dll
0x00007ff960e70000 - 0x00007ff960f8e000 	C:\WINDOWS\System32\gdi32full.dll
0x00007ff960f90000 - 0x00007ff96102d000 	C:\WINDOWS\System32\msvcp_win.dll
0x00007ff95ccf0000 - 0x00007ff95cd0b000 	D:\IDEA\IntelliJ IDEA 2023.1\jbr\bin\VCRUNTIME140.dll
0x00007ff94c010000 - 0x00007ff94c2b5000 	C:\WINDOWS\WinSxS\amd64_microsoft.windows.common-controls_6595b64144ccf1df_6.0.22000.120_none_9d947278b86cc467\COMCTL32.dll
0x00007ff961620000 - 0x00007ff9616c3000 	C:\WINDOWS\System32\msvcrt.dll
0x00007ff9626e0000 - 0x00007ff962711000 	C:\WINDOWS\System32\IMM32.DLL
0x00007ff95c8f0000 - 0x00007ff95c8fc000 	D:\IDEA\IntelliJ IDEA 2023.1\jbr\bin\vcruntime140_1.dll
0x00007ff959eb0000 - 0x00007ff959f3d000 	D:\IDEA\IntelliJ IDEA 2023.1\jbr\bin\msvcp140.dll
0x00007ff8e4d70000 - 0x00007ff8e59dd000 	D:\IDEA\IntelliJ IDEA 2023.1\jbr\bin\server\jvm.dll
0x00007ff962a80000 - 0x00007ff962b2e000 	C:\WINDOWS\System32\ADVAPI32.dll
0x00007ff962720000 - 0x00007ff9627be000 	C:\WINDOWS\System32\sechost.dll
0x00007ff961890000 - 0x00007ff9619b1000 	C:\WINDOWS\System32\RPCRT4.dll
0x00007ff958900000 - 0x00007ff95890a000 	C:\WINDOWS\SYSTEM32\VERSION.dll
0x00007ff945310000 - 0x00007ff945319000 	C:\WINDOWS\SYSTEM32\WSOCK32.dll
0x00007ff9596c0000 - 0x00007ff9596f3000 	C:\WINDOWS\SYSTEM32\WINMM.dll
0x00007ff9628b0000 - 0x00007ff96291f000 	C:\WINDOWS\System32\WS2_32.dll
0x00007ff95f8f0000 - 0x00007ff95f908000 	C:\WINDOWS\SYSTEM32\kernel.appcore.dll
0x00007ff95b090000 - 0x00007ff95b09a000 	D:\IDEA\IntelliJ IDEA 2023.1\jbr\bin\jimage.dll
0x00007ff95df90000 - 0x00007ff95e1b1000 	C:\WINDOWS\SYSTEM32\DBGHELP.DLL
0x00007ff93edb0000 - 0x00007ff93ede1000 	C:\WINDOWS\SYSTEM32\dbgcore.DLL
0x00007ff960df0000 - 0x00007ff960e6f000 	C:\WINDOWS\System32\bcryptPrimitives.dll
0x00007ff94e6a0000 - 0x00007ff94e6ae000 	D:\IDEA\IntelliJ IDEA 2023.1\jbr\bin\instrument.dll
0x00007ff94d610000 - 0x00007ff94d635000 	D:\IDEA\IntelliJ IDEA 2023.1\jbr\bin\java.dll

dbghelp: loaded successfully - version: 4.0.5 - missing functions: none
symbol engine: initialized successfully - sym options: 0x614 - pdb path: .;D:\IDEA\IntelliJ IDEA 2023.1\jbr\bin;C:\WINDOWS\SYSTEM32;C:\WINDOWS\WinSxS\amd64_microsoft.windows.common-controls_6595b64144ccf1df_6.0.22000.120_none_9d947278b86cc467;D:\IDEA\IntelliJ IDEA 2023.1\jbr\bin\server

VM Arguments:
jvm_args: -XX:TieredStopAtLevel=1 -Dspring.output.ansi.enabled=always -Dcom.sun.management.jmxremote -Dspring.jmx.enabled=true -Dspring.liveBeansView.mbeanDomain -Dspring.application.admin.enabled=true -Dmanagement.endpoints.jmx.exposure.include=* -javaagent:D:\IDEA\IntelliJ IDEA 2023.1\lib\idea_rt.jar=58443:D:\IDEA\IntelliJ IDEA 2023.1\bin -Dfile.encoding=UTF-8 
java_command: com.example.blog1.Blog1Application
java_class_path (initial): D:\sda\blog1\target\classes;C:\Users\2020\.m2\repository\org\springframework\boot\spring-boot-starter-web\3.2.0\spring-boot-starter-web-3.2.0.jar;C:\Users\2020\.m2\repository\org\springframework\boot\spring-boot-starter\3.2.0\spring-boot-starter-3.2.0.jar;C:\Users\2020\.m2\repository\org\springframework\boot\spring-boot\3.2.0\spring-boot-3.2.0.jar;C:\Users\2020\.m2\repository\org\springframework\boot\spring-boot-autoconfigure\3.2.0\spring-boot-autoconfigure-3.2.0.jar;C:\Users\2020\.m2\repository\org\springframework\boot\spring-boot-starter-logging\3.2.0\spring-boot-starter-logging-3.2.0.jar;C:\Users\2020\.m2\repository\ch\qos\logback\logback-classic\1.4.11\logback-classic-1.4.11.jar;C:\Users\2020\.m2\repository\ch\qos\logback\logback-core\1.4.11\logback-core-1.4.11.jar;C:\Users\2020\.m2\repository\org\apache\logging\log4j\log4j-to-slf4j\2.21.1\log4j-to-slf4j-2.21.1.jar;C:\Users\2020\.m2\repository\org\apache\logging\log4j\log4j-api\2.21.1\log4j-api-2.21.1.jar;C:\Users\2020\.m2\repository\org\slf4j\jul-to-slf4j\2.0.9\jul-to-slf4j-2.0.9.jar;C:\Users\2020\.m2\repository\jakarta\annotation\jakarta.annotation-api\2.1.1\jakarta.annotation-api-2.1.1.jar;C:\Users\2020\.m2\repository\org\yaml\snakeyaml\2.2\snakeyaml-2.2.jar;C:\Users\2020\.m2\repository\org\springframework\boot\spring-boot-starter-json\3.2.0\spring-boot-starter-json-3.2.0.jar;C:\Users\2020\.m2\repository\com\fasterxml\jackson\core\jackson-databind\2.15.3\jackson-databind-2.15.3.jar;C:\Users\2020\.m2\repository\com\fasterxml\jackson\core\jackson-annotations\2.15.3\jackson-annotations-2.15.3.jar;C:\Users\2020\.m2\repository\com\fasterxml\jackson\core\jackson-core\2.15.3\jackson-core-2.15.3.jar;C:\Users\2020\.m2\repository\com\fasterxml\jackson\datatype\jackson-datatype-jdk8\2.15.3\jackson-datatype-jdk8-2.15.3.jar;C:\Users\2020\.m2\repository\com\fasterxml\jackson\datatype\jackson-datatype-jsr310\2.15.3\jackson-datatype-jsr310-2.15.3.jar;C:\Users\2020\.m2\repository\com\fasterxml\jac
Launcher Type: SUN_STANDARD

[Global flags]
     intx CICompilerCount                          = 4                                         {product} {ergonomic}
     uint ConcGCThreads                            = 2                                         {product} {ergonomic}
     uint G1ConcRefinementThreads                  = 8                                         {product} {ergonomic}
   size_t G1HeapRegionSize                         = 2097152                                   {product} {ergonomic}
    uintx GCDrainStackTargetSize                   = 64                                        {product} {ergonomic}
   size_t InitialHeapSize                          = 266338304                                 {product} {ergonomic}
     bool ManagementServer                         = true                                      {product} {command line}
   size_t MarkStackSize                            = 4194304                                   {product} {ergonomic}
   size_t MaxHeapSize                              = 4261412864                                {product} {ergonomic}
   size_t MinHeapDeltaBytes                        = 2097152                                   {product} {ergonomic}
   size_t MinHeapSize                              = 8388608                                   {product} {ergonomic}
    uintx NonProfiledCodeHeapSize                  = 0                                      {pd product} {ergonomic}
     bool ProfileInterpreter                       = false                                  {pd product} {command line}
    uintx ProfiledCodeHeapSize                     = 0                                      {pd product} {ergonomic}
   size_t SoftMaxHeapSize                          = 4261412864                             {manageable} {ergonomic}
     intx TieredStopAtLevel                        = 1                                         {product} {command line}
     bool UseCompressedClassPointers               = true                           {product lp64_product} {ergonomic}
     bool UseCompressedOops                        = true                           {product lp64_product} {ergonomic}
     bool UseG1GC                                  = true                                      {product} {ergonomic}
     bool UseLargePagesIndividualAllocation        = false                                  {pd product} {ergonomic}

Logging:
Log output configuration:
 #0: stdout all=warning uptime,level,tags
 #1: stderr all=off uptime,level,tags

Environment Variables:
JAVA_HOME=D:\jdk17
PATH=D:\VMware\bin\;C:\Program Files\Microsoft MPI\Bin\;C:\Program Files\Common Files\Oracle\Java\javapath;D:\develop\jdk\bin;C:\Windows\system32;C:\Windows;C:\Windows\System32\Wbem;C:\Windows\System32\WindowsPowerShell\v1.0\;C:\Windows\System32\OpenSSH\;C:\Program Files (x86)\NVIDIA Corporation\PhysX\Common;C:\Program Files\NVIDIA Corporation\NVIDIA NvDLISR;C:\Program Files\Microsoft SQL Server\130\Tools\Binn\;C:\WINDOWS\system32;C:\WINDOWS;C:\WINDOWS\System32\Wbem;C:\WINDOWS\System32\WindowsPowerShell\v1.0\;C:\WINDOWS\System32\OpenSSH\;C:\Program Files\dotnet\;C:\Program Files (x86)\Microsoft SQL Server\160\Tools\Binn\;C:\Program Files\Microsoft SQL Server\160\Tools\Binn\;C:\Program Files\Microsoft SQL Server\Client SDK\ODBC\170\Tools\Binn\;C:\Program Files\Microsoft SQL Server\160\DTS\Binn\;C:\Program Files (x86)\Microsoft SQL Server\160\DTS\Binn\;C:\Program Files\Azure Data Studio\bin;"D:\develop\apache-tomcat-9.0.74-windows-x64\apache-tomcat-9.0.74"\bin;C:\MinGW\bin;D:\develop\apache-maven-3.6.1\bin;D:\develop\mysql-8.0.33-winx64\bin;D:\develop\;D:\develop\MapGIS 10\program;D:\anaconda3\Scripts;D:\anaconda3;D:\anaconda3\condabin;D:\mat\runtime\win64;D:\mat\bin;D:\anaconda3;D:\anaconda3\Library\mingw-w64\bin;D:\anaconda3\Library\usr\bin;D:\anaconda3\Library\bin;D:\anaconda3\Scripts;D:\python\Scripts\;D:\python\;C:\Users\2020\AppData\Local\Microsoft\WindowsApps;C:\Users\2020\.dotnet\tools;D:\PyCharm Community Edition 2022.2\bin;;D:\idea\IntelliJ IDEA Community Edition 2022.3\bin;;D:\IDEA\IntelliJ IDEA 2023.1\bin;;C:\Program Files\Azure Data Studio\bin;D:\develop\Microsoft VS Code\bin;D:\roaming\npm;D:\LenovoSoftstore\Install\QQliuxidating\QQGameTempest\Hall.57986\
USERNAME=2020
OS=Windows_NT
PROCESSOR_IDENTIFIER=Intel64 Family 6 Model 165 Stepping 2, GenuineIntel
TMP=C:\Users\2020\AppData\Local\Temp
TEMP=C:\Users\2020\AppData\Local\Temp



---------------  S Y S T E M  ---------------

OS:
 Windows 11 , 64 bit Build 22000 (10.0.22000.2538)
OS uptime: 8 days 2:55 hours
Hyper-V role detected

CPU: total 8 (initial active 8) (4 cores per cpu, 2 threads per core) family 6 model 165 stepping 2 microcode 0xe0, cx8, cmov, fxsr, ht, mmx, 3dnowpref, sse, sse2, sse3, ssse3, sse4.1, sse4.2, popcnt, lzcnt, tsc, tscinvbit, avx, avx2, aes, erms, clmul, bmi1, bmi2, adx, fma, vzeroupper, clflush, clflushopt, hv

Memory: 4k page, system-wide physical 16252M (404M free)
TotalPageFile size 37802M (AvailPageFile size 64M)
current process WorkingSet (physical memory assigned to process): 11M, peak: 11M
current process commit charge ("private bytes"): 55M, peak: 309M

vm_info: OpenJDK 64-Bit Server VM (17.0.6+10-b829.5) for windows-amd64 JRE (17.0.6+10-b829.5), built on 2023-02-24 by "builduser" with MS VC++ 16.10 / 16.11 (VS2019)

END.
